LunchTray/app/build/intermediates/manifest_merge_blame_file/debug/manifest-merger-blame-debug-report.txt
1<?xml version="1.0" encoding="utf-8"?>
2<!--
3  ~ Copyright (C) 2021 The Android Open Source Project.
4  ~
5  ~ Licensed under the Apache License, Version 2.0 (the "License");
6  ~ you may not use this file except in compliance with the License.
7  ~ You may obtain a copy of the License at
8  ~
9  ~     http://www.apache.org/licenses/LICENSE-2.0
10  ~
11  ~ Unless required by applicable law or agreed to in writing, software
12  ~ distributed under the License is distributed on an "AS IS" BASIS,
13  ~ WITHOUT WARRANTIES OR CONDITIONS OF ANY KIND, either express or implied.
14  ~ See the License for the specific language governing permissions and
15  ~ limitations under the License.
16-->
17<manifest xmlns:android="http://schemas.android.com/apk/res/android"
18    package="com.example.lunchtray"
19    android:versionCode="1"
20    android:versionName="1.0" >
21
22    <uses-sdk
23        android:minSdkVersion="21"
23-->src\main\AndroidManifest.xml
24        android:targetSdkVersion="33" />
24-->src\main\AndroidManifest.xml
25
26    <uses-permission android:name="android.permission.REORDER_TASKS" />
26-->[androidx.fragment:fragment-testing-manifest:1.6.0] AndroidManifest.xml:23:5-72
26-->[androidx.fragment:fragment-testing-manifest:1.6.0] AndroidManifest.xml:23:22-69
27
28    <permission
28-->[androidx.core:core:1.10.1] AndroidManifest.xml:22:5-24:47
29        android:name="com.example.lunchtray.DYNAMIC_RECEIVER_NOT_EXPORTED_PERMISSION"
29-->[androidx.core:core:1.10.1] AndroidManifest.xml:23:9-81
30        android:protectionLevel="signature" />
30-->[androidx.core:core:1.10.1] AndroidManifest.xml:24:9-44
31
32    <uses-permission android:name="com.example.lunchtray.DYNAMIC_RECEIVER_NOT_EXPORTED_PERMISSION" />
32-->[androidx.core:core:1.10.1] AndroidManifest.xml:26:5-97
32-->[androidx.core:core:1.10.1] AndroidManifest.xml:26:22-94
33
34    <application
34-->src\main\AndroidManifest.xml:19:5-36:19
35        android:allowBackup="true"
35-->src\main\AndroidManifest.xml:20:9-35
36        android:appComponentFactory="androidx.core.app.CoreComponentFactory"
36-->[androidx.core:core:1.10.1] AndroidManifest.xml:28:18-86
37        android:debuggable="true"
38        android:icon="@mipmap/ic_launcher"
38-->src\main\AndroidManifest.xml:21:9-43
39        android:label="@string/app_name"
39-->src\main\AndroidManifest.xml:22:9-41
40        android:roundIcon="@mipmap/ic_launcher_round"
40-->src\main\AndroidManifest.xml:23:9-54
41        android:supportsRtl="true"
41-->src\main\AndroidManifest.xml:24:9-35
42        android:testOnly="true"
43        android:theme="@style/Theme.LunchTray" >
43-->src\main\AndroidManifest.xml:25:9-47
44        <activity
44-->src\main\AndroidManifest.xml:26:9-35:20
45            android:name="com.example.lunchtray.MainActivity"
45-->src\main\AndroidManifest.xml:27:13-41
46            android:exported="true"
46-->src\main\AndroidManifest.xml:29:13-36
47            android:label="@string/app_name" >
47-->src\main\AndroidManifest.xml:28:13-45
48            <intent-filter>
48-->src\main\AndroidManifest.xml:30:13-34:29
49                <action android:name="android.intent.action.MAIN" />
49-->src\main\AndroidManifest.xml:31:17-69
49-->src\main\AndroidManifest.xml:31:25-66
50
51                <category android:name="android.intent.category.LAUNCHER" />
51-->src\main\AndroidManifest.xml:33:17-77
51-->src\main\AndroidManifest.xml:33:27-74
52            </intent-filter>
53        </activity>
54        <activity
54-->[androidx.fragment:fragment-testing-manifest:1.6.0] AndroidManifest.xml:26:9-35:20
55            android:name="androidx.fragment.app.testing.EmptyFragmentActivity"
55-->[androidx.fragment:fragment-testing-manifest:1.6.0] AndroidManifest.xml:27:13-79
56            android:exported="true"
56-->[androidx.fragment:fragment-testing-manifest:1.6.0] AndroidManifest.xml:28:13-36
57            android:multiprocess="true"
57-->[androidx.fragment:fragment-testing-manifest:1.6.0] AndroidManifest.xml:29:13-40
58            android:taskAffinity=""
58-->[androidx.fragment:fragment-testing-manifest:1.6.0] AndroidManifest.xml:30:13-36
59            android:theme="@style/FragmentScenarioEmptyFragmentActivityTheme" >
59-->[androidx.fragment:fragment-testing-manifest:1.6.0] AndroidManifest.xml:31:13-78
60            <intent-filter>
60-->[androidx.fragment:fragment-testing-manifest:1.6.0] AndroidManifest.xml:32:13-34:29
61                <action android:name="android.intent.action.MAIN" />
61-->src\main\AndroidManifest.xml:31:17-69
61-->src\main\AndroidManifest.xml:31:25-66
62            </intent-filter>
63        </activity>
64
65        <provider
65-->[androidx.emoji2:emoji2:1.2.0] AndroidManifest.xml:24:9-32:20
66            android:name="androidx.startup.InitializationProvider"
66-->[androidx.emoji2:emoji2:1.2.0] AndroidManifest.xml:25:13-67
67            android:authorities="com.example.lunchtray.androidx-startup"
67-->[androidx.emoji2:emoji2:1.2.0] AndroidManifest.xml:26:13-68
68            android:exported="false" >
68-->[androidx.emoji2:emoji2:1.2.0] AndroidManifest.xml:27:13-37
69            <meta-data
69-->[androidx.emoji2:emoji2:1.2.0] AndroidManifest.xml:29:13-31:52
70                android:name="androidx.emoji2.text.EmojiCompatInitializer"
70-->[androidx.emoji2:emoji2:1.2.0] AndroidManifest.xml:30:17-75
71                android:value="androidx.startup" />
71-->[androidx.emoji2:emoji2:1.2.0] AndroidManifest.xml:31:17-49
72            <meta-data
72-->[androidx.lifecycle:lifecycle-process:2.6.1] AndroidManifest.xml:29:13-31:52
73                android:name="androidx.lifecycle.ProcessLifecycleInitializer"
73-->[androidx.lifecycle:lifecycle-process:2.6.1] AndroidManifest.xml:30:17-78
74                android:value="androidx.startup" />
74-->[androidx.lifecycle:lifecycle-process:2.6.1] AndroidManifest.xml:31:17-49
75            <meta-data
75-->[androidx.profileinstaller:profileinstaller:1.3.0] AndroidManifest.xml:29:13-31:52
76                android:name="androidx.profileinstaller.ProfileInstallerInitializer"
76-->[androidx.profileinstaller:profileinstaller:1.3.0] AndroidManifest.xml:30:17-85
77                android:value="androidx.startup" />
77-->[androidx.profileinstaller:profileinstaller:1.3.0] AndroidManifest.xml:31:17-49
78        </provider>
79
80        <uses-library
80-->[androidx.window:window:1.0.0] AndroidManifest.xml:25:9-27:40
81            android:name="androidx.window.extensions"
81-->[androidx.window:window:1.0.0] AndroidManifest.xml:26:13-54
82            android:required="false" />
82-->[androidx.window:window:1.0.0] AndroidManifest.xml:27:13-37
83        <uses-library
83-->[androidx.window:window:1.0.0] AndroidManifest.xml:28:9-30:40
84            android:name="androidx.window.sidecar"
84-->[androidx.window:window:1.0.0] AndroidManifest.xml:29:13-51
85            android:required="false" />
85-->[androidx.window:window:1.0.0] AndroidManifest.xml:30:13-37
86
87        <activity
87-->[androidx.test:core:1.5.0] AndroidManifest.xml:27:9-34:20
88            android:name="androidx.test.core.app.InstrumentationActivityInvoker$BootstrapActivity"
88-->[androidx.test:core:1.5.0] AndroidManifest.xml:28:13-99
89            android:exported="true"
89-->[androidx.test:core:1.5.0] AndroidManifest.xml:29:13-36
90            android:theme="@style/WhiteBackgroundTheme" >
90-->[androidx.test:core:1.5.0] AndroidManifest.xml:30:13-56
91            <intent-filter android:priority="-100" >
91-->[androidx.test:core:1.5.0] AndroidManifest.xml:31:13-33:29
91-->[androidx.test:core:1.5.0] AndroidManifest.xml:31:28-51
92                <category android:name="android.intent.category.LAUNCHER" />
92-->src\main\AndroidManifest.xml:33:17-77
92-->src\main\AndroidManifest.xml:33:27-74
93            </intent-filter>
94        </activity>
95        <activity
95-->[androidx.test:core:1.5.0] AndroidManifest.xml:35:9-42:20
96            android:name="androidx.test.core.app.InstrumentationActivityInvoker$EmptyActivity"
96-->[androidx.test:core:1.5.0] AndroidManifest.xml:36:13-95
97            android:exported="true"
97-->[androidx.test:core:1.5.0] AndroidManifest.xml:37:13-36
98            android:theme="@style/WhiteBackgroundTheme" >
98-->[androidx.test:core:1.5.0] AndroidManifest.xml:38:13-56
99            <intent-filter android:priority="-100" >
99-->[androidx.test:core:1.5.0] AndroidManifest.xml:31:13-33:29
99-->[androidx.test:core:1.5.0] AndroidManifest.xml:31:28-51
100                <category android:name="android.intent.category.LAUNCHER" />
100-->src\main\AndroidManifest.xml:33:17-77
100-->src\main\AndroidManifest.xml:33:27-74
101            </intent-filter>
102        </activity>
103        <activity
103-->[androidx.test:core:1.5.0] AndroidManifest.xml:43:9-50:20
104            android:name="androidx.test.core.app.InstrumentationActivityInvoker$EmptyFloatingActivity"
104-->[androidx.test:core:1.5.0] AndroidManifest.xml:44:13-103
105            android:exported="true"
105-->[androidx.test:core:1.5.0] AndroidManifest.xml:45:13-36
106            android:theme="@style/WhiteBackgroundDialogTheme" >
106-->[androidx.test:core:1.5.0] AndroidManifest.xml:46:13-62
107            <intent-filter android:priority="-100" >
107-->[androidx.test:core:1.5.0] AndroidManifest.xml:31:13-33:29
107-->[androidx.test:core:1.5.0] AndroidManifest.xml:31:28-51
108                <category android:name="android.intent.category.LAUNCHER" />
108-->src\main\AndroidManifest.xml:33:17-77
108-->src\main\AndroidManifest.xml:33:27-74
109            </intent-filter>
110        </activity>
111
112        <receiver
112-->[androidx.profileinstaller:profileinstaller:1.3.0] AndroidManifest.xml:34:9-52:20
113            android:name="androidx.profileinstaller.ProfileInstallReceiver"
113-->[androidx.profileinstaller:profileinstaller:1.3.0] AndroidManifest.xml:35:13-76
114            android:directBootAware="false"
114-->[androidx.profileinstaller:profileinstaller:1.3.0] AndroidManifest.xml:36:13-44
115            android:enabled="true"
115-->[androidx.profileinstaller:profileinstaller:1.3.0] AndroidManifest.xml:37:13-35
116            android:exported="true"
116-->[androidx.profileinstaller:profileinstaller:1.3.0] AndroidManifest.xml:38:13-36
117            android:permission="android.permission.DUMP" >
117-->[androidx.profileinstaller:profileinstaller:1.3.0] AndroidManifest.xml:39:13-57
118            <intent-filter>
118-->[androidx.profileinstaller:profileinstaller:1.3.0] AndroidManifest.xml:40:13-42:29
119                <action android:name="androidx.profileinstaller.action.INSTALL_PROFILE" />
119-->[androidx.profileinstaller:profileinstaller:1.3.0] AndroidManifest.xml:41:17-91
119-->[androidx.profileinstaller:profileinstaller:1.3.0] AndroidManifest.xml:41:25-88
120            </intent-filter>
121            <intent-filter>
121-->[androidx.profileinstaller:profileinstaller:1.3.0] AndroidManifest.xml:43:13-45:29
122                <action android:name="androidx.profileinstaller.action.SKIP_FILE" />
122-->[androidx.profileinstaller:profileinstaller:1.3.0] AndroidManifest.xml:44:17-85
122-->[androidx.profileinstaller:profileinstaller:1.3.0] AndroidManifest.xml:44:25-82
123            </intent-filter>
124            <intent-filter>
124-->[androidx.profileinstaller:profileinstaller:1.3.0] AndroidManifest.xml:46:13-48:29
125                <action android:name="androidx.profileinstaller.action.SAVE_PROFILE" />
125-->[androidx.profileinstaller:profileinstaller:1.3.0] AndroidManifest.xml:47:17-88
125-->[androidx.profileinstaller:profileinstaller:1.3.0] AndroidManifest.xml:47:25-85
126            </intent-filter>
127            <intent-filter>
127-->[androidx.profileinstaller:profileinstaller:1.3.0] AndroidManifest.xml:49:13-51:29
128                <action android:name="androidx.profileinstaller.action.BENCHMARK_OPERATION" />
128-->[androidx.profileinstaller:profileinstaller:1.3.0] AndroidManifest.xml:50:17-95
128-->[androidx.profileinstaller:profileinstaller:1.3.0] AndroidManifest.xml:50:25-92
129            </intent-filter>
130        </receiver>
131    </application>
132
133</manifest>